<?xml version="1.0" encoding="UTF-8"?>
<testng-results ignored="0" total="1" passed="1" failed="0" skipped="0">
  <reporter-output>
  </reporter-output>
  <suite started-at="2022-06-29T20:38:34 CDT" name="Default suite" finished-at="2022-06-29T20:38:38 CDT" duration-ms="3678">
    <groups>
    </groups>
    <test started-at="2022-06-29T20:38:34 CDT" name="Default test" finished-at="2022-06-29T20:38:38 CDT" duration-ms="3678">
      <class name="git_Prac.GitPrac">
        <test-method signature="init()[pri:0, instance:git_Prac.GitPrac@3a6bb9bf]" started-at="2022-06-29T20:38:34 CDT" name="init" finished-at="2022-06-29T20:38:38 CDT" duration-ms="3648" status="PASS">
          <reporter-output>
          </reporter-output>
        </test-method> <!-- init -->
      </class> <!-- git_Prac.GitPrac -->
    </test> <!-- Default test -->
  </suite> <!-- Default suite -->
</testng-results>
